# JRE version: OpenJDK Runtime Environment Corretto-17.0.12.7.1 (17.0.12+7) (build 17.0.12+7-LTS)
# Java VM: OpenJDK 64-Bit Server VM Corretto-17.0.12.7.1 (17.0.12+7-LTS, mixed mode, sharing, tiered, compressed oops, compressed class ptrs, g1 gc, windows-amd64)
GC Precious Log:
 CPUs: 16 total, 16 available
 Memory: 32503M
 Large Page Support: Disabled
 NUMA Support: Disabled
 Compressed Oops: Enabled (Zero based)
 Heap Region Size: 2M
 Heap Min Capacity: 8M
 Heap Initial Capacity: 508M
 Heap Max Capacity: 3G
 Pre-touch: Disabled
 Parallel Workers: 13
 Concurrent Workers: 3
 Concurrent Refinement Workers: 13
 Periodic GC: Disabled
Heap:
 garbage-first heap   total 536576K, used 371371K [0x0000000740000000, 0x0000000800000000)
  region size 2048K, 3 young (6144K), 3 survivors (6144K)
 Metaspace       used 89838K, committed 90624K, reserved 1179648K
  class space    used 12090K, committed 12480K, reserved 1048576K
GC Heap History (20 events):
Event: 15.842 GC heap after
{Heap after GC invocations=24 (full 0):
 garbage-first heap   total 368640K, used 70612K [0x0000000740000000, 0x0000000800000000)
  region size 2048K, 6 young (12288K), 6 survivors (12288K)
 Metaspace       used 73127K, committed 73856K, reserved 1114112K
  class space    used 10183K, committed 10496K, reserved 1048576K
}
Event: 18.339 GC heap before
{Heap before GC invocations=24 (full 0):
 garbage-first heap   total 368640K, used 336852K [0x0000000740000000, 0x0000000800000000)
  region size 2048K, 102 young (208896K), 6 survivors (12288K)
 Metaspace       used 83461K, committed 84288K, reserved 1179648K
  class space    used 11405K, committed 11776K, reserved 1048576K
}
Event: 18.359 GC heap after
{Heap after GC invocations=25 (full 0):
 garbage-first heap   total 391168K, used 109731K [0x0000000740000000, 0x0000000800000000)
  region size 2048K, 14 young (28672K), 14 survivors (28672K)
 Metaspace       used 83461K, committed 84288K, reserved 1179648K
  class space    used 11405K, committed 11776K, reserved 1048576K
}
Event: 18.590 GC heap before
{Heap before GC invocations=25 (full 0):
 garbage-first heap   total 391168K, used 296099K [0x0000000740000000, 0x0000000800000000)
  region size 2048K, 105 young (215040K), 14 survivors (28672K)
 Metaspace       used 83533K, committed 84352K, reserved 1179648K
  class space    used 11409K, committed 11776K, reserved 1048576K
}
Event: 18.608 GC heap after
{Heap after GC invocations=26 (full 0):
 garbage-first heap   total 391168K, used 154430K [0x0000000740000000, 0x0000000800000000)
  region size 2048K, 14 young (28672K), 14 survivors (28672K)
 Metaspace       used 83533K, committed 84352K, reserved 1179648K
  class space    used 11409K, committed 11776K, reserved 1048576K
}
Event: 20.539 GC heap before
{Heap before GC invocations=26 (full 0):
 garbage-first heap   total 391168K, used 289598K [0x0000000740000000, 0x0000000800000000)
  region size 2048K, 80 young (163840K), 14 survivors (28672K)
 Metaspace       used 86964K, committed 87808K, reserved 1179648K
  class space    used 11744K, committed 12096K, reserved 1048576K
}
Event: 20.554 GC heap after
{Heap after GC invocations=27 (full 0):
 garbage-first heap   total 391168K, used 177127K [0x0000000740000000, 0x0000000800000000)
  region size 2048K, 10 young (20480K), 10 survivors (20480K)
 Metaspace       used 86964K, committed 87808K, reserved 1179648K
  class space    used 11744K, committed 12096K, reserved 1048576K
}
Event: 22.146 GC heap before
{Heap before GC invocations=27 (full 0):
 garbage-first heap   total 391168K, used 295911K [0x0000000740000000, 0x0000000800000000)
  region size 2048K, 69 young (141312K), 10 survivors (20480K)
 Metaspace       used 88237K, committed 89024K, reserved 1179648K
  class space    used 11919K, committed 12288K, reserved 1048576K
}
Event: 22.159 GC heap after
{Heap after GC invocations=28 (full 0):
 garbage-first heap   total 391168K, used 195012K [0x0000000740000000, 0x0000000800000000)
  region size 2048K, 9 young (18432K), 9 survivors (18432K)
 Metaspace       used 88237K, committed 89024K, reserved 1179648K
  class space    used 11919K, committed 12288K, reserved 1048576K
}
Event: 22.965 GC heap before
{Heap before GC invocations=28 (full 0):
 garbage-first heap   total 391168K, used 299460K [0x0000000740000000, 0x0000000800000000)
  region size 2048K, 61 young (124928K), 9 survivors (18432K)
 Metaspace       used 89726K, committed 90560K, reserved 1179648K
  class space    used 12089K, committed 12480K, reserved 1048576K
}
Event: 22.981 GC heap after
{Heap after GC invocations=29 (full 0):
 garbage-first heap   total 391168K, used 248300K [0x0000000740000000, 0x0000000800000000)
  region size 2048K, 8 young (16384K), 8 survivors (16384K)
 Metaspace       used 89726K, committed 90560K, reserved 1179648K
  class space    used 12089K, committed 12480K, reserved 1048576K
}
Event: 23.059 GC heap before
{Heap before GC invocations=29 (full 0):
 garbage-first heap   total 391168K, used 299500K [0x0000000740000000, 0x0000000800000000)
  region size 2048K, 33 young (67584K), 8 survivors (16384K)
 Metaspace       used 89726K, committed 90560K, reserved 1179648K
  class space    used 12089K, committed 12480K, reserved 1048576K
}
Event: 23.071 GC heap after
{Heap after GC invocations=30 (full 0):
 garbage-first heap   total 391168K, used 284198K [0x0000000740000000, 0x0000000800000000)
  region size 2048K, 5 young (10240K), 5 survivors (10240K)
 Metaspace       used 89726K, committed 90560K, reserved 1179648K
  class space    used 12089K, committed 12480K, reserved 1048576K
}
Event: 23.162 GC heap before
{Heap before GC invocations=30 (full 0):
 garbage-first heap   total 499712K, used 312870K [0x0000000740000000, 0x0000000800000000)
  region size 2048K, 19 young (38912K), 5 survivors (10240K)
 Metaspace       used 89721K, committed 90560K, reserved 1179648K
  class space    used 12073K, committed 12480K, reserved 1048576K
}
Event: 23.170 GC heap after
{Heap after GC invocations=31 (full 0):
 garbage-first heap   total 499712K, used 305348K [0x0000000740000000, 0x0000000800000000)
  region size 2048K, 3 young (6144K), 3 survivors (6144K)
 Metaspace       used 89721K, committed 90560K, reserved 1179648K
  class space    used 12073K, committed 12480K, reserved 1048576K
}
Event: 23.308 GC heap before
{Heap before GC invocations=32 (full 0):
 garbage-first heap   total 499712K, used 368836K [0x0000000740000000, 0x0000000800000000)
  region size 2048K, 34 young (69632K), 3 survivors (6144K)
 Metaspace       used 89754K, committed 90560K, reserved 1179648K
  class space    used 12079K, committed 12480K, reserved 1048576K
}
Event: 23.325 GC heap after
{Heap after GC invocations=33 (full 0):
 garbage-first heap   total 499712K, used 350796K [0x0000000740000000, 0x0000000800000000)
  region size 2048K, 5 young (10240K), 5 survivors (10240K)
 Metaspace       used 89754K, committed 90560K, reserved 1179648K
  class space    used 12079K, committed 12480K, reserved 1048576K
}
Event: 23.355 GC heap before
{Heap before GC invocations=33 (full 0):
 garbage-first heap   total 499712K, used 365132K [0x0000000740000000, 0x0000000800000000)
  region size 2048K, 12 young (24576K), 5 survivors (10240K)
 Metaspace       used 89754K, committed 90560K, reserved 1179648K
  class space    used 12079K, committed 12480K, reserved 1048576K
}
Event: 23.364 GC heap after
{Heap after GC invocations=34 (full 0):
 garbage-first heap   total 499712K, used 361000K [0x0000000740000000, 0x0000000800000000)
  region size 2048K, 2 young (4096K), 2 survivors (4096K)
 Metaspace       used 89754K, committed 90560K, reserved 1179648K
  class space    used 12079K, committed 12480K, reserved 1048576K
}
Event: 23.531 GC heap before
{Heap before GC invocations=34 (full 0):
 garbage-first heap   total 499712K, used 393768K [0x0000000740000000, 0x0000000800000000)
  region size 2048K, 18 young (36864K), 2 survivors (4096K)
 Metaspace       used 89838K, committed 90624K, reserved 1179648K
  class space    used 12090K, committed 12480K, reserved 1048576K
}

