# JRE version: OpenJDK Runtime Environment Corretto-17.0.12.7.1 (17.0.12+7) (build 17.0.12+7-LTS)
# Java VM: OpenJDK 64-Bit Server VM Corretto-17.0.12.7.1 (17.0.12+7-LTS, mixed mode, sharing, tiered, compressed oops, compressed class ptrs, g1 gc, windows-amd64)
GC Precious Log:
 CPUs: 16 total, 16 available
 Memory: 32503M
 Large Page Support: Disabled
 NUMA Support: Disabled
 Compressed Oops: Enabled (Zero based)
 Heap Region Size: 2M
 Heap Min Capacity: 8M
 Heap Initial Capacity: 508M
 Heap Max Capacity: 3G
 Pre-touch: Disabled
 Parallel Workers: 13
 Concurrent Workers: 3
 Concurrent Refinement Workers: 13
 Periodic GC: Disabled
Heap:
 garbage-first heap   total 311296K, used 162433K [0x0000000740000000, 0x0000000800000000)
  region size 2048K, 41 young (83968K), 3 survivors (6144K)
 Metaspace       used 65530K, committed 66240K, reserved 1114112K
  class space    used 9067K, committed 9344K, reserved 1048576K
GC Heap History (20 events):
Event: 4.307 GC heap before
{Heap before GC invocations=7 (full 0):
 garbage-first heap   total 102400K, used 50962K [0x0000000740000000, 0x0000000800000000)
  region size 2048K, 14 young (28672K), 4 survivors (8192K)
 Metaspace       used 35568K, committed 35968K, reserved 1114112K
  class space    used 4936K, committed 5120K, reserved 1048576K
}
Event: 4.311 GC heap after
{Heap after GC invocations=8 (full 0):
 garbage-first heap   total 102400K, used 31955K [0x0000000740000000, 0x0000000800000000)
  region size 2048K, 2 young (4096K), 2 survivors (4096K)
 Metaspace       used 35568K, committed 35968K, reserved 1114112K
  class space    used 4936K, committed 5120K, reserved 1048576K
}
Event: 4.817 GC heap before
{Heap before GC invocations=9 (full 0):
 garbage-first heap   total 102400K, used 72915K [0x0000000740000000, 0x0000000800000000)
  region size 2048K, 22 young (45056K), 2 survivors (4096K)
 Metaspace       used 39274K, committed 39680K, reserved 1114112K
  class space    used 5541K, committed 5760K, reserved 1048576K
}
Event: 4.820 GC heap after
{Heap after GC invocations=10 (full 0):
 garbage-first heap   total 102400K, used 34594K [0x0000000740000000, 0x0000000800000000)
  region size 2048K, 3 young (6144K), 3 survivors (6144K)
 Metaspace       used 39274K, committed 39680K, reserved 1114112K
  class space    used 5541K, committed 5760K, reserved 1048576K
}
Event: 5.226 GC heap before
{Heap before GC invocations=10 (full 0):
 garbage-first heap   total 102400K, used 73506K [0x0000000740000000, 0x0000000800000000)
  region size 2048K, 23 young (47104K), 3 survivors (6144K)
 Metaspace       used 42696K, committed 43136K, reserved 1114112K
  class space    used 6085K, committed 6272K, reserved 1048576K
}
Event: 5.228 GC heap after
{Heap after GC invocations=11 (full 0):
 garbage-first heap   total 102400K, used 37290K [0x0000000740000000, 0x0000000800000000)
  region size 2048K, 3 young (6144K), 3 survivors (6144K)
 Metaspace       used 42696K, committed 43136K, reserved 1114112K
  class space    used 6085K, committed 6272K, reserved 1048576K
}
Event: 5.629 GC heap before
{Heap before GC invocations=11 (full 0):
 garbage-first heap   total 102400K, used 76202K [0x0000000740000000, 0x0000000800000000)
  region size 2048K, 23 young (47104K), 3 survivors (6144K)
 Metaspace       used 45927K, committed 46528K, reserved 1114112K
  class space    used 6425K, committed 6720K, reserved 1048576K
}
Event: 5.633 GC heap after
{Heap after GC invocations=12 (full 0):
 garbage-first heap   total 102400K, used 39550K [0x0000000740000000, 0x0000000800000000)
  region size 2048K, 3 young (6144K), 3 survivors (6144K)
 Metaspace       used 45927K, committed 46528K, reserved 1114112K
  class space    used 6425K, committed 6720K, reserved 1048576K
}
Event: 6.624 GC heap before
{Heap before GC invocations=12 (full 0):
 garbage-first heap   total 102400K, used 78462K [0x0000000740000000, 0x0000000800000000)
  region size 2048K, 22 young (45056K), 3 survivors (6144K)
 Metaspace       used 51954K, committed 52544K, reserved 1114112K
  class space    used 7121K, committed 7424K, reserved 1048576K
}
Event: 6.626 GC heap after
{Heap after GC invocations=13 (full 0):
 garbage-first heap   total 102400K, used 42752K [0x0000000740000000, 0x0000000800000000)
  region size 2048K, 3 young (6144K), 3 survivors (6144K)
 Metaspace       used 51954K, committed 52544K, reserved 1114112K
  class space    used 7121K, committed 7424K, reserved 1048576K
}
Event: 8.748 GC heap before
{Heap before GC invocations=13 (full 0):
 garbage-first heap   total 102400K, used 81664K [0x0000000740000000, 0x0000000800000000)
  region size 2048K, 21 young (43008K), 3 survivors (6144K)
 Metaspace       used 56041K, committed 56576K, reserved 1114112K
  class space    used 7719K, committed 7936K, reserved 1048576K
}
Event: 8.751 GC heap after
{Heap after GC invocations=14 (full 0):
 garbage-first heap   total 102400K, used 47218K [0x0000000740000000, 0x0000000800000000)
  region size 2048K, 2 young (4096K), 2 survivors (4096K)
 Metaspace       used 56041K, committed 56576K, reserved 1114112K
  class space    used 7719K, committed 7936K, reserved 1048576K
}
Event: 9.028 GC heap before
{Heap before GC invocations=14 (full 0):
 garbage-first heap   total 102400K, used 79986K [0x0000000740000000, 0x0000000800000000)
  region size 2048K, 18 young (36864K), 2 survivors (4096K)
 Metaspace       used 58022K, committed 58560K, reserved 1114112K
  class space    used 7989K, committed 8256K, reserved 1048576K
}
Event: 9.031 GC heap after
{Heap after GC invocations=15 (full 0):
 garbage-first heap   total 102400K, used 50677K [0x0000000740000000, 0x0000000800000000)
  region size 2048K, 3 young (6144K), 3 survivors (6144K)
 Metaspace       used 58022K, committed 58560K, reserved 1114112K
  class space    used 7989K, committed 8256K, reserved 1048576K
}
Event: 9.285 GC heap before
{Heap before GC invocations=16 (full 0):
 garbage-first heap   total 102400K, used 79349K [0x0000000740000000, 0x0000000800000000)
  region size 2048K, 17 young (34816K), 3 survivors (6144K)
 Metaspace       used 58399K, committed 59008K, reserved 1114112K
  class space    used 8048K, committed 8320K, reserved 1048576K
}
Event: 9.289 GC heap after
{Heap after GC invocations=17 (full 0):
 garbage-first heap   total 102400K, used 53763K [0x0000000740000000, 0x0000000800000000)
  region size 2048K, 2 young (4096K), 2 survivors (4096K)
 Metaspace       used 58399K, committed 59008K, reserved 1114112K
  class space    used 8048K, committed 8320K, reserved 1048576K
}
Event: 9.604 GC heap before
{Heap before GC invocations=17 (full 0):
 garbage-first heap   total 102400K, used 78339K [0x0000000740000000, 0x0000000800000000)
  region size 2048K, 15 young (30720K), 2 survivors (4096K)
 Metaspace       used 59845K, committed 60416K, reserved 1114112K
  class space    used 8264K, committed 8512K, reserved 1048576K
}
Event: 9.607 GC heap after
{Heap after GC invocations=18 (full 0):
 garbage-first heap   total 311296K, used 55876K [0x0000000740000000, 0x0000000800000000)
  region size 2048K, 2 young (4096K), 2 survivors (4096K)
 Metaspace       used 59845K, committed 60416K, reserved 1114112K
  class space    used 8264K, committed 8512K, reserved 1048576K
}
Event: 10.130 GC heap before
{Heap before GC invocations=18 (full 0):
 garbage-first heap   total 311296K, used 152132K [0x0000000740000000, 0x0000000800000000)
  region size 2048K, 18 young (36864K), 2 survivors (4096K)
 Metaspace       used 62139K, committed 62784K, reserved 1114112K
  class space    used 8495K, committed 8768K, reserved 1048576K
}
Event: 10.133 GC heap after
{Heap after GC invocations=19 (full 0):
 garbage-first heap   total 311296K, used 57985K [0x0000000740000000, 0x0000000800000000)
  region size 2048K, 3 young (6144K), 3 survivors (6144K)
 Metaspace       used 62139K, committed 62784K, reserved 1114112K
  class space    used 8495K, committed 8768K, reserved 1048576K
}

