# JRE version: OpenJDK Runtime Environment Corretto-17.0.12.7.1 (17.0.12+7) (build 17.0.12+7-LTS)
# Java VM: OpenJDK 64-Bit Server VM Corretto-17.0.12.7.1 (17.0.12+7-LTS, mixed mode, sharing, tiered, compressed oops, compressed class ptrs, g1 gc, windows-amd64)
GC Precious Log:
 CPUs: 16 total, 16 available
 Memory: 32503M
 Large Page Support: Disabled
 NUMA Support: Disabled
 Compressed Oops: Enabled (Zero based)
 Heap Region Size: 2M
 Heap Min Capacity: 8M
 Heap Initial Capacity: 508M
 Heap Max Capacity: 3G
 Pre-touch: Disabled
 Parallel Workers: 13
 Concurrent Workers: 3
 Concurrent Refinement Workers: 13
 Periodic GC: Disabled
Heap:
 garbage-first heap   total 563200K, used 393216K [0x0000000740000000, 0x0000000800000000)
  region size 2048K, 3 young (6144K), 3 survivors (6144K)
 Metaspace       used 91801K, committed 92608K, reserved 1179648K
  class space    used 12301K, committed 12672K, reserved 1048576K
GC Heap History (20 events):
Event: 26.552 GC heap after
{Heap after GC invocations=32 (full 0):
 garbage-first heap   total 481280K, used 277838K [0x0000000740000000, 0x0000000800000000)
  region size 2048K, 6 young (12288K), 6 survivors (12288K)
 Metaspace       used 79715K, committed 80576K, reserved 1179648K
  class space    used 10955K, committed 11392K, reserved 1048576K
}
Event: 27.725 GC heap before
{Heap before GC invocations=33 (full 0):
 garbage-first heap   total 481280K, used 228686K [0x0000000740000000, 0x0000000800000000)
  region size 2048K, 49 young (100352K), 6 survivors (12288K)
 Metaspace       used 85178K, committed 86016K, reserved 1179648K
  class space    used 11604K, committed 11968K, reserved 1048576K
}
Event: 27.734 GC heap after
{Heap after GC invocations=34 (full 0):
 garbage-first heap   total 481280K, used 151958K [0x0000000740000000, 0x0000000800000000)
  region size 2048K, 7 young (14336K), 7 survivors (14336K)
 Metaspace       used 85178K, committed 86016K, reserved 1179648K
  class space    used 11604K, committed 11968K, reserved 1048576K
}
Event: 27.955 GC heap before
{Heap before GC invocations=34 (full 0):
 garbage-first heap   total 481280K, used 160150K [0x0000000740000000, 0x0000000800000000)
  region size 2048K, 11 young (22528K), 7 survivors (14336K)
 Metaspace       used 85194K, committed 86016K, reserved 1179648K
  class space    used 11604K, committed 11968K, reserved 1048576K
}
Event: 27.958 GC heap after
{Heap after GC invocations=35 (full 0):
 garbage-first heap   total 481280K, used 140150K [0x0000000740000000, 0x0000000800000000)
  region size 2048K, 2 young (4096K), 2 survivors (4096K)
 Metaspace       used 85194K, committed 86016K, reserved 1179648K
  class space    used 11604K, committed 11968K, reserved 1048576K
}
Event: 29.238 GC heap before
{Heap before GC invocations=35 (full 0):
 garbage-first heap   total 481280K, used 316278K [0x0000000740000000, 0x0000000800000000)
  region size 2048K, 88 young (180224K), 2 survivors (4096K)
 Metaspace       used 87891K, committed 88704K, reserved 1179648K
  class space    used 11894K, committed 12288K, reserved 1048576K
}
Event: 29.250 GC heap after
{Heap after GC invocations=36 (full 0):
 garbage-first heap   total 481280K, used 182272K [0x0000000740000000, 0x0000000800000000)
  region size 2048K, 11 young (22528K), 11 survivors (22528K)
 Metaspace       used 87891K, committed 88704K, reserved 1179648K
  class space    used 11894K, committed 12288K, reserved 1048576K
}
Event: 29.690 GC heap before
{Heap before GC invocations=36 (full 0):
 garbage-first heap   total 481280K, used 331776K [0x0000000740000000, 0x0000000800000000)
  region size 2048K, 84 young (172032K), 11 survivors (22528K)
 Metaspace       used 88692K, committed 89536K, reserved 1179648K
  class space    used 11983K, committed 12352K, reserved 1048576K
}
Event: 29.703 GC heap after
{Heap after GC invocations=37 (full 0):
 garbage-first heap   total 481280K, used 212415K [0x0000000740000000, 0x0000000800000000)
  region size 2048K, 11 young (22528K), 11 survivors (22528K)
 Metaspace       used 88692K, committed 89536K, reserved 1179648K
  class space    used 11983K, committed 12352K, reserved 1048576K
}
Event: 32.187 GC heap before
{Heap before GC invocations=37 (full 0):
 garbage-first heap   total 481280K, used 343487K [0x0000000740000000, 0x0000000800000000)
  region size 2048K, 76 young (155648K), 11 survivors (22528K)
 Metaspace       used 91799K, committed 92608K, reserved 1179648K
  class space    used 12301K, committed 12672K, reserved 1048576K
}
Event: 32.200 GC heap after
{Heap after GC invocations=38 (full 0):
 garbage-first heap   total 481280K, used 246530K [0x0000000740000000, 0x0000000800000000)
  region size 2048K, 10 young (20480K), 10 survivors (20480K)
 Metaspace       used 91799K, committed 92608K, reserved 1179648K
  class space    used 12301K, committed 12672K, reserved 1048576K
}
Event: 32.269 GC heap before
{Heap before GC invocations=38 (full 0):
 garbage-first heap   total 481280K, used 350978K [0x0000000740000000, 0x0000000800000000)
  region size 2048K, 61 young (124928K), 10 survivors (20480K)
 Metaspace       used 91801K, committed 92608K, reserved 1179648K
  class space    used 12301K, committed 12672K, reserved 1048576K
}
Event: 32.285 GC heap after
{Heap after GC invocations=39 (full 0):
 garbage-first heap   total 481280K, used 313344K [0x0000000740000000, 0x0000000800000000)
  region size 2048K, 8 young (16384K), 8 survivors (16384K)
 Metaspace       used 91801K, committed 92608K, reserved 1179648K
  class space    used 12301K, committed 12672K, reserved 1048576K
}
Event: 32.342 GC heap before
{Heap before GC invocations=39 (full 0):
 garbage-first heap   total 550912K, used 366592K [0x0000000740000000, 0x0000000800000000)
  region size 2048K, 34 young (69632K), 8 survivors (16384K)
 Metaspace       used 91801K, committed 92608K, reserved 1179648K
  class space    used 12301K, committed 12672K, reserved 1048576K
}
Event: 32.357 GC heap after
{Heap after GC invocations=40 (full 0):
 garbage-first heap   total 550912K, used 360150K [0x0000000740000000, 0x0000000800000000)
  region size 2048K, 5 young (10240K), 5 survivors (10240K)
 Metaspace       used 91801K, committed 92608K, reserved 1179648K
  class space    used 12301K, committed 12672K, reserved 1048576K
}
Event: 32.437 GC heap before
{Heap before GC invocations=41 (full 0):
 garbage-first heap   total 550912K, used 415446K [0x0000000740000000, 0x0000000800000000)
  region size 2048K, 32 young (65536K), 5 survivors (10240K)
 Metaspace       used 91801K, committed 92608K, reserved 1179648K
  class space    used 12301K, committed 12672K, reserved 1048576K
}
Event: 32.451 GC heap after
{Heap after GC invocations=42 (full 0):
 garbage-first heap   total 550912K, used 396034K [0x0000000740000000, 0x0000000800000000)
  region size 2048K, 4 young (8192K), 4 survivors (8192K)
 Metaspace       used 91801K, committed 92608K, reserved 1179648K
  class space    used 12301K, committed 12672K, reserved 1048576K
}
Event: 32.473 GC heap before
{Heap before GC invocations=42 (full 0):
 garbage-first heap   total 550912K, used 414466K [0x0000000740000000, 0x0000000800000000)
  region size 2048K, 13 young (26624K), 4 survivors (8192K)
 Metaspace       used 91801K, committed 92608K, reserved 1179648K
  class space    used 12301K, committed 12672K, reserved 1048576K
}
Event: 32.479 GC heap after
{Heap after GC invocations=43 (full 0):
 garbage-first heap   total 550912K, used 385787K [0x0000000740000000, 0x0000000800000000)
  region size 2048K, 2 young (4096K), 2 survivors (4096K)
 Metaspace       used 91801K, committed 92608K, reserved 1179648K
  class space    used 12301K, committed 12672K, reserved 1048576K
}
Event: 32.528 GC heap before
{Heap before GC invocations=43 (full 0):
 garbage-first heap   total 550912K, used 426747K [0x0000000740000000, 0x0000000800000000)
  region size 2048K, 23 young (47104K), 2 survivors (4096K)
 Metaspace       used 91801K, committed 92608K, reserved 1179648K
  class space    used 12301K, committed 12672K, reserved 1048576K
}

