# JRE version: OpenJDK Runtime Environment Corretto-17.0.12.7.1 (17.0.12+7) (build 17.0.12+7-LTS)
# Java VM: OpenJDK 64-Bit Server VM Corretto-17.0.12.7.1 (17.0.12+7-LTS, mixed mode, sharing, tiered, compressed oops, compressed class ptrs, g1 gc, windows-amd64)
GC Precious Log:
 CPUs: 16 total, 16 available
 Memory: 32503M
 Large Page Support: Disabled
 NUMA Support: Disabled
 Compressed Oops: Enabled (Zero based)
 Heap Region Size: 2M
 Heap Min Capacity: 8M
 Heap Initial Capacity: 508M
 Heap Max Capacity: 3G
 Pre-touch: Disabled
 Parallel Workers: 13
 Concurrent Workers: 3
 Concurrent Refinement Workers: 13
 Periodic GC: Disabled
Heap:
 garbage-first heap   total 331776K, used 188607K [0x0000000740000000, 0x0000000800000000)
  region size 2048K, 2 young (4096K), 2 survivors (4096K)
 Metaspace       used 80191K, committed 81024K, reserved 1179648K
  class space    used 10937K, committed 11328K, reserved 1048576K
GC Heap History (20 events):
Event: 14.072 GC heap after
{Heap after GC invocations=28 (full 0):
 garbage-first heap   total 141312K, used 57727K [0x0000000740000000, 0x0000000800000000)
  region size 2048K, 2 young (4096K), 2 survivors (4096K)
 Metaspace       used 62147K, committed 62720K, reserved 1114112K
  class space    used 8505K, committed 8768K, reserved 1048576K
}
Event: 14.098 GC heap before
{Heap before GC invocations=28 (full 0):
 garbage-first heap   total 141312K, used 80255K [0x0000000740000000, 0x0000000800000000)
  region size 2048K, 3 young (6144K), 2 survivors (4096K)
 Metaspace       used 62150K, committed 62784K, reserved 1114112K
  class space    used 8505K, committed 8768K, reserved 1048576K
}
Event: 14.100 GC heap after
{Heap after GC invocations=29 (full 0):
 garbage-first heap   total 141312K, used 57671K [0x0000000740000000, 0x0000000800000000)
  region size 2048K, 2 young (4096K), 2 survivors (4096K)
 Metaspace       used 62150K, committed 62784K, reserved 1114112K
  class space    used 8505K, committed 8768K, reserved 1048576K
}
Event: 15.355 GC heap before
{Heap before GC invocations=29 (full 0):
 garbage-first heap   total 141312K, used 121159K [0x0000000740000000, 0x0000000800000000)
  region size 2048K, 30 young (61440K), 2 survivors (4096K)
 Metaspace       used 64889K, committed 65600K, reserved 1114112K
  class space    used 8969K, committed 9344K, reserved 1048576K
}
Event: 15.358 GC heap after
{Heap after GC invocations=30 (full 0):
 garbage-first heap   total 282624K, used 62816K [0x0000000740000000, 0x0000000800000000)
  region size 2048K, 4 young (8192K), 4 survivors (8192K)
 Metaspace       used 64889K, committed 65600K, reserved 1114112K
  class space    used 8969K, committed 9344K, reserved 1048576K
}
Event: 16.464 GC heap before
{Heap before GC invocations=30 (full 0):
 garbage-first heap   total 282624K, used 257376K [0x0000000740000000, 0x0000000800000000)
  region size 2048K, 68 young (139264K), 4 survivors (8192K)
 Metaspace       used 68246K, committed 68928K, reserved 1114112K
  class space    used 9528K, committed 9856K, reserved 1048576K
}
Event: 16.479 GC heap after
{Heap after GC invocations=31 (full 0):
 garbage-first heap   total 290816K, used 81960K [0x0000000740000000, 0x0000000800000000)
  region size 2048K, 11 young (22528K), 11 survivors (22528K)
 Metaspace       used 68246K, committed 68928K, reserved 1114112K
  class space    used 9528K, committed 9856K, reserved 1048576K
}
Event: 18.137 GC heap before
{Heap before GC invocations=31 (full 0):
 garbage-first heap   total 290816K, used 231464K [0x0000000740000000, 0x0000000800000000)
  region size 2048K, 79 young (161792K), 11 survivors (22528K)
 Metaspace       used 76073K, committed 76864K, reserved 1179648K
  class space    used 10451K, committed 10816K, reserved 1048576K
}
Event: 18.151 GC heap after
{Heap after GC invocations=32 (full 0):
 garbage-first heap   total 290816K, used 112577K [0x0000000740000000, 0x0000000800000000)
  region size 2048K, 10 young (20480K), 10 survivors (20480K)
 Metaspace       used 76073K, committed 76864K, reserved 1179648K
  class space    used 10451K, committed 10816K, reserved 1048576K
}
Event: 18.753 GC heap before
{Heap before GC invocations=32 (full 0):
 garbage-first heap   total 290816K, used 214977K [0x0000000740000000, 0x0000000800000000)
  region size 2048K, 60 young (122880K), 10 survivors (20480K)
 Metaspace       used 78122K, committed 78848K, reserved 1179648K
  class space    used 10682K, committed 11008K, reserved 1048576K
}
Event: 18.764 GC heap after
{Heap after GC invocations=33 (full 0):
 garbage-first heap   total 290816K, used 140756K [0x0000000740000000, 0x0000000800000000)
  region size 2048K, 8 young (16384K), 8 survivors (16384K)
 Metaspace       used 78122K, committed 78848K, reserved 1179648K
  class space    used 10682K, committed 11008K, reserved 1048576K
}
Event: 18.856 GC heap before
{Heap before GC invocations=33 (full 0):
 garbage-first heap   total 290816K, used 216532K [0x0000000740000000, 0x0000000800000000)
  region size 2048K, 45 young (92160K), 8 survivors (16384K)
 Metaspace       used 78131K, committed 78848K, reserved 1179648K
  class space    used 10682K, committed 11008K, reserved 1048576K
}
Event: 18.864 GC heap after
{Heap after GC invocations=34 (full 0):
 garbage-first heap   total 290816K, used 159781K [0x0000000740000000, 0x0000000800000000)
  region size 2048K, 6 young (12288K), 6 survivors (12288K)
 Metaspace       used 78131K, committed 78848K, reserved 1179648K
  class space    used 10682K, committed 11008K, reserved 1048576K
}
Event: 18.918 GC heap before
{Heap before GC invocations=34 (full 0):
 garbage-first heap   total 290816K, used 221221K [0x0000000740000000, 0x0000000800000000)
  region size 2048K, 36 young (73728K), 6 survivors (12288K)
 Metaspace       used 78131K, committed 78848K, reserved 1179648K
  class space    used 10682K, committed 11008K, reserved 1048576K
}
Event: 18.925 GC heap after
{Heap after GC invocations=35 (full 0):
 garbage-first heap   total 290816K, used 175259K [0x0000000740000000, 0x0000000800000000)
  region size 2048K, 5 young (10240K), 5 survivors (10240K)
 Metaspace       used 78131K, committed 78848K, reserved 1179648K
  class space    used 10682K, committed 11008K, reserved 1048576K
}
Event: 19.368 GC heap before
{Heap before GC invocations=36 (full 0):
 garbage-first heap   total 331776K, used 222363K [0x0000000740000000, 0x0000000800000000)
  region size 2048K, 28 young (57344K), 5 survivors (10240K)
 Metaspace       used 78812K, committed 79616K, reserved 1179648K
  class space    used 10772K, committed 11136K, reserved 1048576K
}
Event: 19.374 GC heap after
{Heap after GC invocations=37 (full 0):
 garbage-first heap   total 331776K, used 185376K [0x0000000740000000, 0x0000000800000000)
  region size 2048K, 4 young (8192K), 4 survivors (8192K)
 Metaspace       used 78812K, committed 79616K, reserved 1179648K
  class space    used 10772K, committed 11136K, reserved 1048576K
}
Event: 19.436 GC heap before
{Heap before GC invocations=37 (full 0):
 garbage-first heap   total 331776K, used 193568K [0x0000000740000000, 0x0000000800000000)
  region size 2048K, 8 young (16384K), 4 survivors (8192K)
 Metaspace       used 78896K, committed 79744K, reserved 1179648K
  class space    used 10772K, committed 11136K, reserved 1048576K
}
Event: 19.440 GC heap after
{Heap after GC invocations=38 (full 0):
 garbage-first heap   total 331776K, used 187289K [0x0000000740000000, 0x0000000800000000)
  region size 2048K, 1 young (2048K), 1 survivors (2048K)
 Metaspace       used 78896K, committed 79744K, reserved 1179648K
  class space    used 10772K, committed 11136K, reserved 1048576K
}
Event: 44.512 GC heap before
{Heap before GC invocations=38 (full 0):
 garbage-first heap   total 331776K, used 224153K [0x0000000740000000, 0x0000000800000000)
  region size 2048K, 20 young (40960K), 1 survivors (2048K)
 Metaspace       used 80191K, committed 81024K, reserved 1179648K
  class space    used 10937K, committed 11328K, reserved 1048576K
}

